<?xml version="1.0" encoding="utf-8"?><testsuites name="pytest tests"><testsuite name="pytest" errors="0" failures="0" skipped="0" tests="21" time="43.718" timestamp="2026-03-04T12:38:10.286220+00:00" hostname="agent-env-6094161d-5276-4a53-a3eb-57bb9cb9f648"><testcase classname="tests.test_ai_image_service.TestAIImageRecipeAPI" name="test_recipe_with_ai_image_returns_image_url" time="0.141" /><testcase classname="tests.test_ai_image_service.TestAIImageRecipeAPI" name="test_recipe_returns_image_alt" time="0.114" /><testcase classname="tests.test_ai_image_service.TestAIImageRecipeAPI" name="test_recipe_returns_image_source_ai" time="0.105" /><testcase classname="tests.test_ai_image_service.TestAIImageRecipeAPI" name="test_all_known_ai_images[pizza-margherita-italy]" time="0.115" /><testcase classname="tests.test_ai_image_service.TestAIImageRecipeAPI" name="test_all_known_ai_images[risotto-alla-milanese-italy]" time="0.108" /><testcase classname="tests.test_ai_image_service.TestAIImageRecipeAPI" name="test_all_known_ai_images[coq-au-vin-france]" time="0.115" /><testcase classname="tests.test_ai_image_service.TestStaticImageServing" name="test_static_image_returns_200" time="0.126" /><testcase classname="tests.test_ai_image_service.TestStaticImageServing" name="test_static_image_content_type_webp" time="0.110" /><testcase classname="tests.test_ai_image_service.TestStaticImageServing" name="test_static_image_has_content_length" time="0.123" /><testcase classname="tests.test_ai_image_service.TestStaticImageServing" name="test_all_static_images_accessible[pizza-margherita-italy]" time="0.106" /><testcase classname="tests.test_ai_image_service.TestStaticImageServing" name="test_all_static_images_accessible[risotto-alla-milanese-italy]" time="0.118" /><testcase classname="tests.test_ai_image_service.TestStaticImageServing" name="test_all_static_images_accessible[coq-au-vin-france]" time="0.100" /><testcase classname="tests.test_ai_image_service.TestGracefulFallback" name="test_recipes_list_handles_missing_images" time="0.125" /><testcase classname="tests.test_ai_image_service.TestGracefulFallback" name="test_recipe_without_image_still_loads" time="40.642" /><testcase classname="tests.test_ai_image_service.TestImageCaching" name="test_second_request_returns_same_image" time="0.784" /><testcase classname="tests.test_ai_image_service.TestTranslationAPIIncludesImage" name="test_translation_api_includes_image_url" time="0.103" /><testcase classname="tests.test_ai_image_service.TestTranslationAPIIncludesImage" name="test_translation_api_includes_image_source" time="0.122" /><testcase classname="tests.test_ai_image_service.TestTranslationAPIIncludesImage" name="test_translation_api_includes_image_alt" time="0.132" /><testcase classname="tests.test_ai_image_service.TestAPIKeySecurity" name="test_no_api_key_in_recipe_response" time="0.127" /><testcase classname="tests.test_ai_image_service.TestAPIKeySecurity" name="test_no_api_key_in_translation_response" time="0.102" /><testcase classname="tests.test_ai_image_service.TestAPIKeySecurity" name="test_image_metadata_does_not_expose_secrets" time="0.114" /></testsuite></testsuites>