<?xml version="1.0" encoding="utf-8"?><testsuites name="pytest tests"><testsuite name="pytest" errors="0" failures="0" skipped="0" tests="18" time="4.782" timestamp="2026-03-04T15:53:50.115897+00:00" hostname="agent-env-6094161d-5276-4a53-a3eb-57bb9cb9f648"><testcase classname="tests.test_auth_phase1.TestAuthRegistration" name="test_register_new_user_success" time="0.408" /><testcase classname="tests.test_auth_phase1.TestAuthRegistration" name="test_register_duplicate_email_fails" time="0.168" /><testcase classname="tests.test_auth_phase1.TestAuthRegistration" name="test_register_duplicate_username_fails" time="0.124" /><testcase classname="tests.test_auth_phase1.TestAuthRegistration" name="test_register_password_mismatch_fails" time="0.116" /><testcase classname="tests.test_auth_phase1.TestAuthLogin" name="test_login_success" time="0.334" /><testcase classname="tests.test_auth_phase1.TestAuthLogin" name="test_login_wrong_password_generic_error" time="0.338" /><testcase classname="tests.test_auth_phase1.TestAuthLogin" name="test_login_nonexistent_email_generic_error" time="0.122" /><testcase classname="tests.test_auth_phase1.TestAuthSession" name="test_get_me_authenticated" time="0.054" /><testcase classname="tests.test_auth_phase1.TestAuthSession" name="test_get_me_unauthenticated" time="0.110" /><testcase classname="tests.test_auth_phase1.TestAuthSession" name="test_session_persists_across_requests" time="0.176" /><testcase classname="tests.test_auth_phase1.TestAuthProtectedEndpoints" name="test_review_without_auth_returns_401" time="0.114" /><testcase classname="tests.test_auth_phase1.TestAuthLogout" name="test_logout_clears_session" time="0.163" /><testcase classname="tests.test_auth_phase1.TestPasswordReset" name="test_request_password_reset" time="0.158" /><testcase classname="tests.test_auth_phase1.TestPasswordReset" name="test_request_reset_nonexistent_email_same_response" time="0.115" /><testcase classname="tests.test_auth_phase1.TestPasswordReset" name="test_reset_password_confirm_invalid_token" time="0.120" /><testcase classname="tests.test_auth_phase1.TestPasswordReset" name="test_reset_password_confirm_password_mismatch" time="0.179" /><testcase classname="tests.test_auth_phase1.TestGoogleOAuth" name="test_google_auth_endpoint_exists" time="0.253" /><testcase classname="tests.test_auth_phase1.TestRateLimiting" name="test_rate_limit_after_many_attempts" time="1.675" /></testsuite></testsuites>