<?xml version="1.0" encoding="utf-8"?><testsuites name="pytest tests"><testsuite name="pytest" errors="0" failures="0" skipped="0" tests="19" time="17.820" timestamp="2026-03-04T13:10:12.900072+00:00" hostname="agent-env-6094161d-5276-4a53-a3eb-57bb9cb9f648"><testcase classname="backend.tests.test_batch_image_generation.TestAdminAuthRequired" name="test_generate_batch_no_token" time="16.510" /><testcase classname="backend.tests.test_batch_image_generation.TestAdminAuthRequired" name="test_generate_batch_invalid_token" time="0.054" /><testcase classname="backend.tests.test_batch_image_generation.TestAdminAuthRequired" name="test_status_no_token" time="0.090" /><testcase classname="backend.tests.test_batch_image_generation.TestAdminAuthRequired" name="test_status_invalid_token" time="0.083" /><testcase classname="backend.tests.test_batch_image_generation.TestDryRunEndpoint" name="test_dry_run_returns_count_and_list" time="0.188" /><testcase classname="backend.tests.test_batch_image_generation.TestDryRunEndpoint" name="test_dry_run_recipe_structure" time="0.050" /><testcase classname="backend.tests.test_batch_image_generation.TestDryRunEndpoint" name="test_dry_run_cost_calculation" time="0.054" /><testcase classname="backend.tests.test_batch_image_generation.TestStatusEndpoint" name="test_status_returns_progress_fields" time="0.050" /><testcase classname="backend.tests.test_batch_image_generation.TestStatusEndpoint" name="test_status_progress_calculation" time="0.048" /><testcase classname="backend.tests.test_batch_image_generation.TestDuplicateJobPrevention" name="test_check_if_job_already_running" time="0.052" /><testcase classname="backend.tests.test_batch_image_generation.TestStaticImageServing" name="test_serve_pizza_margherita_webp" time="0.101" /><testcase classname="backend.tests.test_batch_image_generation.TestStaticImageServing" name="test_serve_risotto_webp" time="0.056" /><testcase classname="backend.tests.test_batch_image_generation.TestStaticImageServing" name="test_serve_coq_au_vin_webp" time="0.066" /><testcase classname="backend.tests.test_batch_image_generation.TestStaticImageServing" name="test_nonexistent_image_returns_404" time="0.054" /><testcase classname="backend.tests.test_batch_image_generation.TestRecipeImageURLInAPI" name="test_pizza_margherita_has_image_url" time="0.057" /><testcase classname="backend.tests.test_batch_image_generation.TestRecipeImageURLInAPI" name="test_risotto_has_image_url" time="0.054" /><testcase classname="backend.tests.test_batch_image_generation.TestRecipeImageURLInAPI" name="test_coq_au_vin_has_image_url" time="0.060" /><testcase classname="backend.tests.test_batch_image_generation.TestAdminLogin" name="test_admin_login_success" time="0.063" /><testcase classname="backend.tests.test_batch_image_generation.TestAdminLogin" name="test_admin_login_wrong_password" time="0.048" /></testsuite></testsuites>