<?xml version="1.0" encoding="utf-8"?><testsuites name="pytest tests"><testsuite name="pytest" errors="0" failures="0" skipped="0" tests="13" time="2.646" timestamp="2026-03-04T16:49:09.129204+00:00" hostname="agent-env-6094161d-5276-4a53-a3eb-57bb9cb9f648"><testcase classname="backend.tests.test_favorites_phase2.TestFavoritesAuth" name="test_add_favorite_requires_auth" time="0.159" /><testcase classname="backend.tests.test_favorites_phase2.TestFavoritesAuth" name="test_remove_favorite_requires_auth" time="0.250" /><testcase classname="backend.tests.test_favorites_phase2.TestFavoritesAuth" name="test_my_favorites_requires_auth" time="0.134" /><testcase classname="backend.tests.test_favorites_phase2.TestFavoritesAuth" name="test_favorite_status_returns_false_for_guest" time="0.118" /><testcase classname="backend.tests.test_favorites_phase2.TestFavoritesCRUD" name="test_add_favorite" time="0.476" /><testcase classname="backend.tests.test_favorites_phase2.TestFavoritesCRUD" name="test_favorite_status_true_after_adding" time="0.078" /><testcase classname="backend.tests.test_favorites_phase2.TestFavoritesCRUD" name="test_duplicate_favorite_is_idempotent" time="0.052" /><testcase classname="backend.tests.test_favorites_phase2.TestFavoritesCRUD" name="test_my_favorites_contains_recipe" time="0.064" /><testcase classname="backend.tests.test_favorites_phase2.TestFavoritesCRUD" name="test_remove_favorite" time="0.055" /><testcase classname="backend.tests.test_favorites_phase2.TestFavoritesCRUD" name="test_favorite_status_false_after_removing" time="0.058" /><testcase classname="backend.tests.test_favorites_phase2.TestFavoritesCRUD" name="test_my_favorites_empty_after_removing" time="0.060" /><testcase classname="backend.tests.test_favorites_phase2.TestFavoritesPersistence" name="test_favorite_persists_after_second_status_check" time="0.661" /><testcase classname="backend.tests.test_favorites_phase2.TestFavoritesNonExistentRecipe" name="test_add_favorite_nonexistent_recipe" time="0.423" /></testsuite></testsuites>