<?xml version="1.0" encoding="utf-8"?><testsuites name="pytest tests"><testsuite name="pytest" errors="0" failures="0" skipped="0" tests="14" time="2.945" timestamp="2026-03-04T11:21:49.480652+00:00" hostname="agent-env-6094161d-5276-4a53-a3eb-57bb9cb9f648"><testcase classname="backend.tests.test_image_api.TestRecipeAPIImageData" name="test_recipe_api_returns_image_url" time="0.197" /><testcase classname="backend.tests.test_image_api.TestRecipeAPIImageData" name="test_recipe_api_returns_image_alt" time="0.258" /><testcase classname="backend.tests.test_image_api.TestRecipeAPIImageData" name="test_recipe_api_returns_image_metadata" time="0.261" /><testcase classname="backend.tests.test_image_api.TestRecipeAPIImageData" name="test_multiple_recipes_have_images[risotto-alla-milanese-italy]" time="0.100" /><testcase classname="backend.tests.test_image_api.TestRecipeAPIImageData" name="test_multiple_recipes_have_images[pizza-margherita-italy]" time="0.096" /><testcase classname="backend.tests.test_image_api.TestRecipeAPIImageData" name="test_multiple_recipes_have_images[spaghetti-alla-carbonara-italy]" time="0.105" /><testcase classname="backend.tests.test_image_api.TestTranslationAPIImageMetadata" name="test_translation_api_returns_image_url_in_metadata" time="0.102" /><testcase classname="backend.tests.test_image_api.TestTranslationAPIImageMetadata" name="test_translation_api_returns_image_alt_in_metadata" time="0.103" /><testcase classname="backend.tests.test_image_api.TestTranslationAPIImageMetadata" name="test_translation_api_returns_image_source_in_metadata" time="0.106" /><testcase classname="backend.tests.test_image_api.TestTranslationAPIImageMetadata" name="test_translation_api_returns_image_metadata_in_metadata" time="0.102" /><testcase classname="backend.tests.test_image_api.TestTranslationAPIImageMetadata" name="test_translation_api_different_languages" time="0.304" /><testcase classname="backend.tests.test_image_api.TestTranslationRecipesListAPI" name="test_recipes_list_returns_image_url_in_metadata" time="0.102" /><testcase classname="backend.tests.test_image_api.TestGracefulFallbackNoImage" name="test_recipe_without_image_returns_null_image_url" time="0.856" /><testcase classname="backend.tests.test_image_api.TestPhotographerCredit" name="test_photographer_credit_in_recipe_api" time="0.106" /></testsuite></testsuites>