<?xml version="1.0" encoding="utf-8"?><testsuites name="pytest tests"><testsuite name="pytest" errors="0" failures="0" skipped="0" tests="21" time="1.624" timestamp="2026-03-04T10:57:31.184762+00:00" hostname="agent-env-6094161d-5276-4a53-a3eb-57bb9cb9f648"><testcase classname="tests.test_unsplash_service.TestFallbackQueryGeneration" name="test_exact_query_is_first" time="0.000" /><testcase classname="tests.test_unsplash_service.TestFallbackQueryGeneration" name="test_simplified_query_is_second" time="0.000" /><testcase classname="tests.test_unsplash_service.TestFallbackQueryGeneration" name="test_cuisine_fallback_is_last" time="0.000" /><testcase classname="tests.test_unsplash_service.TestFallbackQueryGeneration" name="test_no_duplicate_queries" time="0.000" /><testcase classname="tests.test_unsplash_service.TestFallbackQueryGeneration" name="test_fallback_with_no_country" time="0.000" /><testcase classname="tests.test_unsplash_service.TestTitleSimplification" name="test_strips_alla_pattern" time="0.000" /><testcase classname="tests.test_unsplash_service.TestTitleSimplification" name="test_strips_al_pattern" time="0.000" /><testcase classname="tests.test_unsplash_service.TestTitleSimplification" name="test_strips_della_pattern" time="0.000" /><testcase classname="tests.test_unsplash_service.TestTitleSimplification" name="test_strips_from_pattern" time="0.000" /><testcase classname="tests.test_unsplash_service.TestTitleSimplification" name="test_strips_style_word" time="0.000" /><testcase classname="tests.test_unsplash_service.TestTitleSimplification" name="test_no_change_for_simple_title" time="0.000" /><testcase classname="tests.test_unsplash_service.TestTitleSimplification" name="test_multiple_patterns" time="0.000" /><testcase classname="tests.test_unsplash_service.TestFallbackQueryVariants" name="test_italian_alla_recipes" time="0.000" /><testcase classname="tests.test_unsplash_service.TestFallbackQueryVariants" name="test_simple_dish_names" time="0.000" /><testcase classname="tests.test_unsplash_service.TestRecipeEndpointImageAssignment" name="test_recipe_with_existing_image_returns_image" time="0.140" /><testcase classname="tests.test_unsplash_service.TestRecipeEndpointImageAssignment" name="test_recipe_response_does_not_expose_api_key" time="0.098" /><testcase classname="tests.test_unsplash_service.TestRecipeEndpointImageAssignment" name="test_recipe_without_image_gets_image_assigned" time="0.625" /><testcase classname="tests.test_unsplash_service.TestLazyCaching" name="test_second_request_returns_same_image" time="0.242" /><testcase classname="tests.test_unsplash_service.TestRecipeEcosystemEndpoint" name="test_recipes_list_includes_images" time="0.157" /><testcase classname="tests.test_unsplash_service.TestErrorHandling" name="test_invalid_recipe_returns_404" time="0.110" /><testcase classname="tests.test_unsplash_service.TestErrorHandling" name="test_service_is_configured_on_server" time="0.133" /></testsuite></testsuites>