<?xml version="1.0" encoding="utf-8"?><testsuites name="pytest tests"><testsuite name="pytest" errors="0" failures="0" skipped="0" tests="22" time="4.320" timestamp="2026-03-04T17:34:12.303612+00:00" hostname="agent-env-6094161d-5276-4a53-a3eb-57bb9cb9f648"><testcase classname="backend.tests.test_reviews_phase3.TestReviewsAuth" name="test_create_review_guest_returns_401" time="0.255" /><testcase classname="backend.tests.test_reviews_phase3.TestReviewsAuth" name="test_update_review_guest_returns_401" time="0.131" /><testcase classname="backend.tests.test_reviews_phase3.TestReviewsAuth" name="test_delete_review_guest_returns_401" time="0.152" /><testcase classname="backend.tests.test_reviews_phase3.TestReviewsAuth" name="test_get_reviews_guest_allowed" time="0.153" /><testcase classname="backend.tests.test_reviews_phase3.TestReviewsValidation" name="test_comment_too_short_returns_422" time="0.448" /><testcase classname="backend.tests.test_reviews_phase3.TestReviewsValidation" name="test_comment_empty_string_allowed" time="0.071" /><testcase classname="backend.tests.test_reviews_phase3.TestReviewsValidation" name="test_rating_below_1_returns_422" time="0.072" /><testcase classname="backend.tests.test_reviews_phase3.TestReviewsValidation" name="test_rating_above_5_returns_422" time="0.058" /><testcase classname="backend.tests.test_reviews_phase3.TestReviewsValidation" name="test_rating_valid_range_1" time="0.082" /><testcase classname="backend.tests.test_reviews_phase3.TestReviewsValidation" name="test_rating_valid_range_5" time="0.064" /><testcase classname="backend.tests.test_reviews_phase3.TestReviewsCRUD" name="test_create_review_success" time="0.434" /><testcase classname="backend.tests.test_reviews_phase3.TestReviewsCRUD" name="test_duplicate_review_upserts" time="0.137" /><testcase classname="backend.tests.test_reviews_phase3.TestReviewsCRUD" name="test_get_reviews_returns_user_review_for_authenticated" time="0.064" /><testcase classname="backend.tests.test_reviews_phase3.TestReviewsCRUD" name="test_update_review_success" time="0.170" /><testcase classname="backend.tests.test_reviews_phase3.TestReviewsCRUD" name="test_delete_review_success" time="0.226" /><testcase classname="backend.tests.test_reviews_phase3.TestXSSPrevention" name="test_html_tags_escaped_in_comment" time="0.462" /><testcase classname="backend.tests.test_reviews_phase3.TestXSSPrevention" name="test_special_chars_escaped" time="0.060" /><testcase classname="backend.tests.test_reviews_phase3.TestReviewsNonExistent" name="test_create_review_nonexistent_recipe_returns_404" time="0.422" /><testcase classname="backend.tests.test_reviews_phase3.TestReviewsNonExistent" name="test_get_reviews_nonexistent_recipe_returns_404" time="0.064" /><testcase classname="backend.tests.test_reviews_phase3.TestReviewsDataIntegrity" name="test_review_contains_username" time="0.479" /><testcase classname="backend.tests.test_reviews_phase3.TestReviewsDataIntegrity" name="test_review_has_created_at_date" time="0.068" /><testcase classname="backend.tests.test_reviews_phase3.TestReviewsDataIntegrity" name="test_average_rating_recalculated_after_review" time="0.122" /></testsuite></testsuites>