<?xml version="1.0" encoding="utf-8"?><testsuites name="pytest tests"><testsuite name="pytest" errors="0" failures="0" skipped="0" tests="22" time="3.922" timestamp="2026-03-04T18:35:42.590591+00:00" hostname="agent-env-a6dd18bc-377d-48f3-9fa4-b189dbdd57b6"><testcase classname="backend.tests.test_search_refactor.TestSearchInputValidation" name="test_search_single_char_rejected" time="0.132" /><testcase classname="backend.tests.test_search_refactor.TestSearchInputValidation" name="test_search_two_chars_accepted" time="0.138" /><testcase classname="backend.tests.test_search_refactor.TestSearchInputValidation" name="test_search_80_chars_accepted" time="0.121" /><testcase classname="backend.tests.test_search_refactor.TestSearchInputValidation" name="test_search_81_chars_rejected" time="0.114" /><testcase classname="backend.tests.test_search_refactor.TestSearchInputValidation" name="test_search_empty_rejected" time="0.172" /><testcase classname="backend.tests.test_search_refactor.TestSearchInputValidation" name="test_search_whitespace_only_rejected" time="0.137" /><testcase classname="backend.tests.test_search_refactor.TestSearchResponseFormat" name="test_search_carbonara_returns_array" time="0.146" /><testcase classname="backend.tests.test_search_refactor.TestSearchResponseFormat" name="test_search_nonexistent_returns_suggestion" time="0.128" /><testcase classname="backend.tests.test_search_refactor.TestSearchResponseFormat" name="test_search_country_match" time="0.125" /><testcase classname="backend.tests.test_search_refactor.TestSearchResponseFormat" name="test_search_pasta_multiple_results" time="0.118" /><testcase classname="backend.tests.test_search_refactor.TestSearchRegexInjectionPrevention" name="test_regex_wildcard_blocked" time="0.132" /><testcase classname="backend.tests.test_search_refactor.TestSearchRegexInjectionPrevention" name="test_regex_brackets_blocked" time="0.140" /><testcase classname="backend.tests.test_search_refactor.TestSearchRegexInjectionPrevention" name="test_regex_anchor_blocked" time="0.213" /><testcase classname="backend.tests.test_search_refactor.TestSearchRegexInjectionPrevention" name="test_recipes_list_regex_blocked" time="0.120" /><testcase classname="backend.tests.test_search_refactor.TestSearchNoAIGeneration" name="test_auto_generate_param_ignored" time="0.110" /><testcase classname="backend.tests.test_search_refactor.TestSearchNoAIGeneration" name="test_search_is_fast" time="0.112" /><testcase classname="backend.tests.test_search_refactor.TestSearchRateLimiting" name="test_rate_limit_not_triggered_early" time="0.579" /><testcase classname="backend.tests.test_search_refactor.TestSearchRateLimiting" name="test_rate_limit_message" time="0.136" /><testcase classname="backend.tests.test_search_refactor.TestSearchSuggestionsEndpoint" name="test_suggestions_requires_min_2_chars" time="0.118" /><testcase classname="backend.tests.test_search_refactor.TestSearchSuggestionsEndpoint" name="test_suggestions_regex_blocked" time="0.107" /><testcase classname="backend.tests.test_search_refactor.TestSearchSuggestionsEndpoint" name="test_suggestions_valid_query" time="0.116" /><testcase classname="backend.tests.test_search_refactor.TestMongoDBIndexes" name="test_search_performance_indicates_indexes" time="0.650" /></testsuite></testsuites>