<?xml version="1.0" encoding="utf-8"?><testsuites name="pytest tests"><testsuite name="pytest" errors="0" failures="0" skipped="0" tests="27" time="4.925" timestamp="2026-03-04T19:10:41.542549+00:00" hostname="agent-env-a6dd18bc-377d-48f3-9fa4-b189dbdd57b6"><testcase classname="tests.test_techniques.TestPublicTechniquesEndpoints" name="test_get_all_techniques_returns_array" time="0.176" /><testcase classname="tests.test_techniques.TestPublicTechniquesEndpoints" name="test_get_all_techniques_sorted_newest_first" time="0.116" /><testcase classname="tests.test_techniques.TestPublicTechniquesEndpoints" name="test_get_all_techniques_only_published" time="0.113" /><testcase classname="tests.test_techniques.TestPublicTechniquesEndpoints" name="test_get_all_techniques_has_required_fields" time="0.286" /><testcase classname="tests.test_techniques.TestPublicTechniquesEndpoints" name="test_get_technique_by_slug_published" time="0.206" /><testcase classname="tests.test_techniques.TestPublicTechniquesEndpoints" name="test_get_technique_by_slug_has_all_fields" time="0.174" /><testcase classname="tests.test_techniques.TestPublicTechniquesEndpoints" name="test_get_technique_by_slug_nonexistent_returns_404" time="0.126" /><testcase classname="tests.test_techniques.TestPublicTechniquesEndpoints" name="test_get_technique_excludes_mongodb_id" time="0.126" /><testcase classname="tests.test_techniques.TestAdminTechniquesAuth" name="test_create_technique_without_auth_returns_403" time="0.105" /><testcase classname="tests.test_techniques.TestAdminTechniquesAuth" name="test_create_technique_with_regular_user_returns_403" time="0.484" /><testcase classname="tests.test_techniques.TestAdminTechniquesCreate" name="test_create_technique_with_admin_auth" time="0.464" /><testcase classname="tests.test_techniques.TestAdminTechniquesCreate" name="test_create_technique_auto_generates_slug" time="0.058" /><testcase classname="tests.test_techniques.TestAdminTechniquesCreate" name="test_create_technique_defaults_to_draft" time="0.057" /><testcase classname="tests.test_techniques.TestAdminTechniquesCreate" name="test_create_technique_with_custom_status" time="0.057" /><testcase classname="tests.test_techniques.TestAdminTechniquesCreate" name="test_create_technique_duplicate_slug_returns_409" time="0.057" /><testcase classname="tests.test_techniques.TestTechniquesValidation" name="test_validation_title_too_short_returns_422" time="0.399" /><testcase classname="tests.test_techniques.TestTechniquesValidation" name="test_validation_title_too_long_returns_422" time="0.052" /><testcase classname="tests.test_techniques.TestTechniquesValidation" name="test_validation_empty_sections_returns_422" time="0.047" /><testcase classname="tests.test_techniques.TestTechniquesValidation" name="test_validation_readtime_zero_returns_422" time="0.059" /><testcase classname="tests.test_techniques.TestTechniquesValidation" name="test_validation_readtime_negative_returns_422" time="0.051" /><testcase classname="tests.test_techniques.TestTechniquesValidation" name="test_validation_invalid_difficulty_returns_422" time="0.075" /><testcase classname="tests.test_techniques.TestTechniquesValidation" name="test_validation_valid_difficulties_accepted" time="0.187" /><testcase classname="tests.test_techniques.TestMongoDBIndexes" name="test_mongodb_indexes_exist" time="0.430" /><testcase classname="tests.test_techniques.TestDraftTechniqueNotPubliclyVisible" name="test_draft_technique_not_in_list" time="0.533" /><testcase classname="tests.test_techniques.TestDraftTechniqueNotPubliclyVisible" name="test_draft_technique_returns_404_on_direct_access" time="0.173" /><testcase classname="tests.test_techniques.TestExistingTechniquesData" name="test_knife_skills_fundamentals_exists" time="0.115" /><testcase classname="tests.test_techniques.TestExistingTechniquesData" name="test_sauce_making_basics_exists" time="0.111" /></testsuite></testsuites>